c:\c++ projects\sdl2-project\bin-interm\release\sdl2-project\vc143.pdb
c:\c++ projects\sdl2-project\bin-interm\release\sdl2-project\main.obj
c:\c++ projects\sdl2-project\bin-interm\release\sdl2-project\window.obj
c:\c++ projects\sdl2-project\bin-interm\release\sdl2-project\ui.obj
c:\c++ projects\sdl2-project\bin-interm\release\sdl2-project\timer.obj
c:\c++ projects\sdl2-project\bin-interm\release\sdl2-project\sprite.obj
c:\c++ projects\sdl2-project\bin-interm\release\sdl2-project\entity.obj
c:\c++ projects\sdl2-project\bin-interm\release\sdl2-project\audio.obj
c:\c++ projects\sdl2-project\bin\release\sdl2-project\sdl2-project.exe
c:\c++ projects\sdl2-project\bin-interm\release\sdl2-project\sdl2-project.ipdb
c:\c++ projects\sdl2-project\bin-interm\release\sdl2-project\sdl2-project.iobj
c:\c++ projects\sdl2-project\bin\release\sdl2-project\sdl2-project.pdb
c:\c++ projects\sdl2-project\\bin\release\sdl2-project\sdl2-project.pdb
c:\c++ projects\sdl2-project\\bin-interm\release\sdl2-project\sdl2-project.vcxproj.filelistabsolute.txt
c:\c++ projects\sdl2-project\bin-interm\release\sdl2-project\sdl2-project.tlog\cl.command.1.tlog
c:\c++ projects\sdl2-project\bin-interm\release\sdl2-project\sdl2-project.tlog\cl.read.1.tlog
c:\c++ projects\sdl2-project\bin-interm\release\sdl2-project\sdl2-project.tlog\cl.write.1.tlog
c:\c++ projects\sdl2-project\bin-interm\release\sdl2-project\sdl2-project.tlog\link.command.1.tlog
c:\c++ projects\sdl2-project\bin-interm\release\sdl2-project\sdl2-project.tlog\link.read.1.tlog
c:\c++ projects\sdl2-project\bin-interm\release\sdl2-project\sdl2-project.tlog\link.write.1.tlog
